-------------------------------------------------------------------------------
Test set: com.packtpub.mastering.selenium.RunCukesTest
-------------------------------------------------------------------------------
Tests run: 4, Failures: 0, Errors: 2, Skipped: 1, Time elapsed: 9.663 sec <<< FAILURE!
When I read the documentation about page objects      Time elapsed: 0.002 sec  <<< ERROR!
java.lang.Error: Unresolved compilation problem: 
	actualPageTitle cannot be resolved to a variable

	at com.packtpub.mastering.selenium.steps.SeleniumAdvancedDocumentationStepDefs.I_read_the_documentation_about_page_objects(SeleniumAdvancedDocumentationStepDefs.java:61)
	at ?.When I read the documentation about page objects(com\packtpub\mastering\selenium\AdvancedDocumentation.feature:8)
Scenario: Selenium Page Object Design Pattern    Time elapsed: 0.002 sec  <<< ERROR!
java.lang.Error: Unresolved compilation problem: 
	actualPageTitle cannot be resolved to a variable

	at com.packtpub.mastering.selenium.steps.SeleniumAdvancedDocumentationStepDefs.I_read_the_documentation_about_page_objects(SeleniumAdvancedDocumentationStepDefs.java:61)
	at ?.When I read the documentation about page objects(com\packtpub\mastering\selenium\AdvancedDocumentation.feature:8)
