<?xml version="1.0" encoding="UTF-8" ?>
<testsuite tests="5" failures="0" name="com.packtpub.mastering.selenium.RunCukesTest" time="0.345" errors="2" skipped="3">
  <properties>
[...]
</properties>
  <testcase classname="Scenario: Selenium Page Object Design Pattern  " name="Scenario: Selenium Page Object Design Pattern  " time="0.001">
    <error message="Failed to instantiate class com.packtpub.mastering.selenium.steps.SeleniumAdvancedDocumentationStepDefs" type="cucumber.runtime.CucumberException">cucumber.runtime.CucumberException: Failed to instantiate class com.packtpub.mastering.selenium.steps.SeleniumAdvancedDocumentationStepDefs
	at cucumber.fallback.runtime.java.DefaultJavaObjectFactory.cacheNewInstance(DefaultJavaObjectFactory.java:45)
	at cucumber.fallback.runtime.java.DefaultJavaObjectFactory.getInstance(DefaultJavaObjectFactory.java:31)
	at cucumber.runtime.java.JavaHookDefinition.execute(JavaHookDefinition.java:59)
	at cucumber.runtime.Runtime.runHookIfTagsMatch(Runtime.java:192)
	at cucumber.runtime.Runtime.runHooks(Runtime.java:184)
	at cucumber.runtime.Runtime.runBeforeHooks(Runtime.java:175)
	at cucumber.runtime.model.CucumberScenario.run(CucumberScenario.java:32)
	at cucumber.junit.ExecutionUnitRunner.run(ExecutionUnitRunner.java:76)
	at cucumber.junit.FeatureRunner.runChild(FeatureRunner.java:65)
	at cucumber.junit.FeatureRunner.runChild(FeatureRunner.java:20)
	at org.junit.runners.ParentRunner$3.run(ParentRunner.java:238)
	at org.junit.runners.ParentRunner$1.schedule(ParentRunner.java:63)
	at org.junit.runners.ParentRunner.runChildren(ParentRunner.java:236)
	at org.junit.runners.ParentRunner.access$000(ParentRunner.java:53)
	at org.junit.runners.ParentRunner$2.evaluate(ParentRunner.java:229)
	at org.junit.runners.ParentRunner.run(ParentRunner.java:309)
	at cucumber.junit.FeatureRunner.run(FeatureRunner.java:72)
	at cucumber.junit.Cucumber.runChild(Cucumber.java:76)
	at cucumber.junit.Cucumber.runChild(Cucumber.java:36)
	at org.junit.runners.ParentRunner$3.run(ParentRunner.java:238)
	at org.junit.runners.ParentRunner$1.schedule(ParentRunner.java:63)
	at org.junit.runners.ParentRunner.runChildren(ParentRunner.java:236)
	at org.junit.runners.ParentRunner.access$000(ParentRunner.java:53)
	at org.junit.runners.ParentRunner$2.evaluate(ParentRunner.java:229)
	at org.junit.runners.ParentRunner.run(ParentRunner.java:309)
	at cucumber.junit.Cucumber.run(Cucumber.java:81)
	at org.apache.maven.surefire.junit4.JUnit4TestSet.execute(JUnit4TestSet.java:53)
	at org.apache.maven.surefire.junit4.JUnit4Provider.executeTestSet(JUnit4Provider.java:123)
	at org.apache.maven.surefire.junit4.JUnit4Provider.invoke(JUnit4Provider.java:104)
	at sun.reflect.NativeMethodAccessorImpl.invoke0(Native Method)
	at sun.reflect.NativeMethodAccessorImpl.invoke(Unknown Source)
	at sun.reflect.DelegatingMethodAccessorImpl.invoke(Unknown Source)
	at java.lang.reflect.Method.invoke(Unknown Source)
	at org.apache.maven.surefire.util.ReflectionUtils.invokeMethodWithArray(ReflectionUtils.java:164)
	at org.apache.maven.surefire.booter.ProviderFactory$ProviderProxy.invoke(ProviderFactory.java:110)
	at org.apache.maven.surefire.booter.SurefireStarter.invokeProvider(SurefireStarter.java:175)
	at org.apache.maven.surefire.booter.SurefireStarter.runSuitesInProcessWhenForked(SurefireStarter.java:107)
	at org.apache.maven.surefire.booter.ForkedBooter.main(ForkedBooter.java:68)
Caused by: java.lang.reflect.InvocationTargetException
	at sun.reflect.NativeConstructorAccessorImpl.newInstance0(Native Method)
	at sun.reflect.NativeConstructorAccessorImpl.newInstance(Unknown Source)
	at sun.reflect.DelegatingConstructorAccessorImpl.newInstance(Unknown Source)
	at java.lang.reflect.Constructor.newInstance(Unknown Source)
	at cucumber.fallback.runtime.java.DefaultJavaObjectFactory.cacheNewInstance(DefaultJavaObjectFactory.java:39)
	... 37 more
Caused by: java.lang.Error: Unresolved compilation problem: 
	Syntax error, insert &quot;;&quot; to complete FieldDeclaration

	at com.packtpub.mastering.selenium.steps.SeleniumAdvancedDocumentationStepDefs.&lt;init&gt;(SeleniumAdvancedDocumentationStepDefs.java:29)
	... 42 more
</error>
    <system-out>Feature: Verify the documentation for the advanced features in Selenium
  
  In order to show you a way to communicate with non technical stakeholder
  I want to introduce Cucumber in the video course &quot;Mastering Selenium Testing Tools&quot;
</system-out>
  </testcase>
  <testcase classname="Given that seleniumhq.org is available   " name="Given that seleniumhq.org is available   " time="0.001">
    <skipped/>
  </testcase>
  <testcase classname="When I read the documentation about page objects    " name="When I read the documentation about page objects    " time="0.001">
    <skipped/>
  </testcase>
  <testcase classname="Then I should see the title \&quot;Test Design Considerations \u2014 Selenium Documentation\&quot;     " name="Then I should see the title \&quot;Test Design Considerations \u2014 Selenium Documentation\&quot;     " time="0.001">
    <skipped/>
  </testcase>
  <testcase classname="Scenario: Selenium Page Object Design Pattern  " name="Scenario: Selenium Page Object Design Pattern  " time="0.001">
    <error message="Failed to instantiate class com.packtpub.mastering.selenium.steps.SeleniumAdvancedDocumentationStepDefs" type="cucumber.runtime.CucumberException">cucumber.runtime.CucumberException: Failed to instantiate class com.packtpub.mastering.selenium.steps.SeleniumAdvancedDocumentationStepDefs
	at cucumber.fallback.runtime.java.DefaultJavaObjectFactory.cacheNewInstance(DefaultJavaObjectFactory.java:45)
	at cucumber.fallback.runtime.java.DefaultJavaObjectFactory.getInstance(DefaultJavaObjectFactory.java:31)
	at cucumber.runtime.java.JavaHookDefinition.execute(JavaHookDefinition.java:59)
	at cucumber.runtime.Runtime.runHookIfTagsMatch(Runtime.java:192)
	at cucumber.runtime.Runtime.runHooks(Runtime.java:184)
	at cucumber.runtime.Runtime.runAfterHooks(Runtime.java:179)
	at cucumber.runtime.model.CucumberScenario.run(CucumberScenario.java:38)
	at cucumber.junit.ExecutionUnitRunner.run(ExecutionUnitRunner.java:76)
	at cucumber.junit.FeatureRunner.runChild(FeatureRunner.java:65)
	at cucumber.junit.FeatureRunner.runChild(FeatureRunner.java:20)
	at org.junit.runners.ParentRunner$3.run(ParentRunner.java:238)
	at org.junit.runners.ParentRunner$1.schedule(ParentRunner.java:63)
	at org.junit.runners.ParentRunner.runChildren(ParentRunner.java:236)
	at org.junit.runners.ParentRunner.access$000(ParentRunner.java:53)
	at org.junit.runners.ParentRunner$2.evaluate(ParentRunner.java:229)
	at org.junit.runners.ParentRunner.run(ParentRunner.java:309)
	at cucumber.junit.FeatureRunner.run(FeatureRunner.java:72)
	at cucumber.junit.Cucumber.runChild(Cucumber.java:76)
	at cucumber.junit.Cucumber.runChild(Cucumber.java:36)
	at org.junit.runners.ParentRunner$3.run(ParentRunner.java:238)
	at org.junit.runners.ParentRunner$1.schedule(ParentRunner.java:63)
	at org.junit.runners.ParentRunner.runChildren(ParentRunner.java:236)
	at org.junit.runners.ParentRunner.access$000(ParentRunner.java:53)
	at org.junit.runners.ParentRunner$2.evaluate(ParentRunner.java:229)
	at org.junit.runners.ParentRunner.run(ParentRunner.java:309)
	at cucumber.junit.Cucumber.run(Cucumber.java:81)
	at org.apache.maven.surefire.junit4.JUnit4TestSet.execute(JUnit4TestSet.java:53)
	at org.apache.maven.surefire.junit4.JUnit4Provider.executeTestSet(JUnit4Provider.java:123)
	at org.apache.maven.surefire.junit4.JUnit4Provider.invoke(JUnit4Provider.java:104)
	at sun.reflect.NativeMethodAccessorImpl.invoke0(Native Method)
	at sun.reflect.NativeMethodAccessorImpl.invoke(Unknown Source)
	at sun.reflect.DelegatingMethodAccessorImpl.invoke(Unknown Source)
	at java.lang.reflect.Method.invoke(Unknown Source)
	at org.apache.maven.surefire.util.ReflectionUtils.invokeMethodWithArray(ReflectionUtils.java:164)
	at org.apache.maven.surefire.booter.ProviderFactory$ProviderProxy.invoke(ProviderFactory.java:110)
	at org.apache.maven.surefire.booter.SurefireStarter.invokeProvider(SurefireStarter.java:175)
	at org.apache.maven.surefire.booter.SurefireStarter.runSuitesInProcessWhenForked(SurefireStarter.java:107)
	at org.apache.maven.surefire.booter.ForkedBooter.main(ForkedBooter.java:68)
Caused by: java.lang.reflect.InvocationTargetException
	at sun.reflect.NativeConstructorAccessorImpl.newInstance0(Native Method)
	at sun.reflect.NativeConstructorAccessorImpl.newInstance(Unknown Source)
	at sun.reflect.DelegatingConstructorAccessorImpl.newInstance(Unknown Source)
	at java.lang.reflect.Constructor.newInstance(Unknown Source)
	at cucumber.fallback.runtime.java.DefaultJavaObjectFactory.cacheNewInstance(DefaultJavaObjectFactory.java:39)
	... 37 more
Caused by: java.lang.Error: Unresolved compilation problem: 
	Syntax error, insert &quot;;&quot; to complete FieldDeclaration

	at com.packtpub.mastering.selenium.steps.SeleniumAdvancedDocumentationStepDefs.&lt;init&gt;(SeleniumAdvancedDocumentationStepDefs.java:29)
	... 42 more
</error>
    <system-out>&amp;#27;[1A    &amp;#27;[36mThen &amp;#27;[0m&amp;#27;[36mI should see the title &quot;&amp;#27;[0m&amp;#27;[36m&amp;#27;[1mTest Design Considerations — Selenium Documentation&amp;#27;[0m&amp;#27;[36m&quot;&amp;#27;[0m &amp;#27;[90m# SeleniumAdvancedDocumentationStepDefs.I_should_see_the_title(String)&amp;#27;[0m
</system-out>
  </testcase>
</testsuite>